{"meta": {"format": 3, "version": "7.16.1", "timestamp": "2026-09-18T12:25:56.076847", "branch_coverage": false, "show_contexts": false}, "files": {"lib\\ml\\__init__.py": {"executed_lines": [3, 12], "summary": {"covered_lines": 2, "num_statements": 2, "percent_covered": 100.0, "percent_covered_display": "100", "missing_lines": 0, "excluded_lines": 0, "percent_statements_covered": 100.0, "percent_statements_covered_display": "100"}, "missing_lines": [], "excluded_lines": [], "functions": {"": {"executed_lines": [3, 12], "summary": {"covered_lines": 2, "num_statements": 2, "percent_covered": 100.0, "percent_covered_display": "100", "missing_lines": 0, "excluded_lines": 0, "percent_statements_covered": 100.0, "percent_statements_covered_display": "100"}, "missing_lines": [], "excluded_lines": [], "start_line": 1}}, "classes": {"": {"executed_lines": [3, 12], "summary": {"covered_lines": 2, "num_statements": 2, "percent_covered": 100.0, "percent_covered_display": "100", "missing_lines": 0, "excluded_lines": 0, "percent_statements_covered": 100.0, "percent_statements_covered_display": "100"}, "missing_lines": [], "excluded_lines": [], "start_line": 1}}}, "lib\\ml\\baseline.py": {"executed_lines": [7, 9, 11, 12, 13, 15, 18, 19, 20, 21, 22, 23, 24, 25, 26, 27, 28, 29, 30, 32, 34, 36, 38, 39, 41, 42, 44, 46, 48, 49, 50, 51, 53, 55, 58, 59, 60, 61, 62, 65, 68, 69, 70, 72, 73, 75, 77, 78, 79, 80], "summary": {"covered_lines": 50, "num_statements": 61, "percent_covered": 81.9672131147541, "percent_covered_display": "82", "missing_lines": 11, "excluded_lines": 0, "percent_statements_covered": 81.9672131147541, "percent_statements_covered_display": "82"}, "missing_lines": [31, 33, 35, 37, 40, 43, 45, 47, 52, 54, 74], "excluded_lines": [], "functions": {"criterios_disparados": {"executed_lines": [19, 20, 21, 22, 23, 24, 25, 26, 27, 28, 29, 30, 32, 34, 36, 38, 39, 41, 42, 44, 46, 48, 49, 50, 51, 53, 55], "summary": {"covered_lines": 27, "num_statements": 37, "percent_covered": 72.97297297297297, "percent_covered_display": "73", "missing_lines": 10, "excluded_lines": 0, "percent_statements_covered": 72.97297297297297, "percent_statements_covered_display": "73"}, "missing_lines": [31, 33, 35, 37, 40, 43, 45, 47, 52, 54], "excluded_lines": [], "start_line": 18}, "predizer_regra_frame": {"executed_lines": [59, 60, 61, 62], "summary": {"covered_lines": 4, "num_statements": 4, "percent_covered": 100.0, "percent_covered_display": "100", "missing_lines": 0, "excluded_lines": 0, "percent_statements_covered": 100.0, "percent_statements_covered_display": "100"}, "missing_lines": [], "excluded_lines": [], "start_line": 58}, "BaselineRegra.fit": {"executed_lines": [69, 70], "summary": {"covered_lines": 2, "num_statements": 2, "percent_covered": 100.0, "percent_covered_display": "100", "missing_lines": 0, "excluded_lines": 0, "percent_statements_covered": 100.0, "percent_statements_covered_display": "100"}, "missing_lines": [], "excluded_lines": [], "start_line": 68}, "BaselineRegra.predict": {"executed_lines": [73, 75], "summary": {"covered_lines": 2, "num_statements": 3, "percent_covered": 66.66666666666667, "percent_covered_display": "67", "missing_lines": 1, "excluded_lines": 0, "percent_statements_covered": 66.66666666666667, "percent_statements_covered_display": "67"}, "missing_lines": [74], "excluded_lines": [], "start_line": 72}, "BaselineRegra.predict_proba": {"executed_lines": [78, 79, 80], "summary": {"covered_lines": 3, "num_statements": 3, "percent_covered": 100.0, "percent_covered_display": "100", "missing_lines": 0, "excluded_lines": 0, "percent_statements_covered": 100.0, "percent_statements_covered_display": "100"}, "missing_lines": [], "excluded_lines": [], "start_line": 77}, "": {"executed_lines": [7, 9, 11, 12, 13, 15, 18, 58, 65, 68, 72, 77], "summary": {"covered_lines": 12, "num_statements": 12, "percent_covered": 100.0, "percent_covered_display": "100", "missing_lines": 0, "excluded_lines": 0, "percent_statements_covered": 100.0, "percent_statements_covered_display": "100"}, "missing_lines": [], "excluded_lines": [], "start_line": 1}}, "classes": {"BaselineRegra": {"executed_lines": [69, 70, 73, 75, 78, 79, 80], "summary": {"covered_lines": 7, "num_statements": 8, "percent_covered": 87.5, "percent_covered_display": "88", "missing_lines": 1, "excluded_lines": 0, "percent_statements_covered": 87.5, "percent_statements_covered_display": "88"}, "missing_lines": [74], "excluded_lines": [], "start_line": 65}, "": {"executed_lines": [7, 9, 11, 12, 13, 15, 18, 19, 20, 21, 22, 23, 24, 25, 26, 27, 28, 29, 30, 32, 34, 36, 38, 39, 41, 42, 44, 46, 48, 49, 50, 51, 53, 55, 58, 59, 60, 61, 62, 65, 68, 72, 77], "summary": {"covered_lines": 43, "num_statements": 53, "percent_covered": 81.13207547169812, "percent_covered_display": "81", "missing_lines": 10, "excluded_lines": 0, "percent_statements_covered": 81.13207547169812, "percent_statements_covered_display": "81"}, "missing_lines": [31, 33, 35, 37, 40, 43, 45, 47, 52, 54], "excluded_lines": [], "start_line": 1}}}, "lib\\ml\\dataset.py": {"executed_lines": [2, 4, 5, 6, 7, 8, 9, 11, 12, 14, 15, 17, 18, 19, 20, 21, 23, 24, 25, 27, 28, 31, 32, 33, 36, 37, 38, 39, 40, 44, 48, 49, 50, 51, 52, 53, 54, 55, 56, 57, 58, 59, 60, 61, 62, 63, 64, 65, 66, 67, 68, 69, 70, 71, 72, 73, 74, 75, 76, 77, 78, 79, 80, 81, 82, 83, 84, 85, 86, 87, 90, 91, 92, 93, 94, 95, 96, 97, 98, 100, 101, 102, 103, 104, 105, 106, 107, 108, 109, 110, 111, 112, 114, 116, 117, 118, 119, 120, 121, 122, 123, 124, 125, 127, 128, 129, 130, 131, 132, 133, 134, 135, 136, 137, 140, 141, 142, 143, 144, 145, 146, 148, 174, 175, 176, 177, 178, 181, 182, 183, 184, 185, 186, 187, 188, 189, 190, 191, 192, 193, 194, 197, 198, 200, 201, 202, 203, 204, 205, 206, 207, 210, 211, 212, 213, 214, 215, 216, 217, 218, 219, 220, 221, 222, 223, 226, 227, 228, 229, 230, 231, 234, 235, 238, 239, 242, 243, 265, 266, 267, 268, 269, 270, 271, 272, 275, 280, 281, 282, 284, 285, 286, 287, 288, 289, 290, 294, 297, 299, 301, 302, 304, 305, 307, 308, 310, 311], "summary": {"covered_lines": 207, "num_statements": 217, "percent_covered": 95.39170506912443, "percent_covered_display": "95", "missing_lines": 10, "excluded_lines": 0, "percent_statements_covered": 95.39170506912443, "percent_statements_covered_display": "95"}, "missing_lines": [41, 138, 276, 277, 283, 291, 300, 303, 306, 309], "excluded_lines": [], "functions": {"_sigmoid": {"executed_lines": [32, 33], "summary": {"covered_lines": 2, "num_statements": 2, "percent_covered": 100.0, "percent_covered_display": "100", "missing_lines": 0, "excluded_lines": 0, "percent_statements_covered": 100.0, "percent_statements_covered_display": "100"}, "missing_lines": [], "excluded_lines": [], "start_line": 31}, "_trunc_normal": {"executed_lines": [37, 38, 39, 40], "summary": {"covered_lines": 4, "num_statements": 5, "percent_covered": 80.0, "percent_covered_display": "80", "missing_lines": 1, "excluded_lines": 0, "percent_statements_covered": 80.0, "percent_statements_covered_display": "80"}, "missing_lines": [41], "excluded_lines": [], "start_line": 36}, "_escore_latente": {"executed_lines": [48, 49, 50, 51, 52, 53, 54, 55, 56, 57, 58, 59, 60, 61, 62, 63, 64, 65, 66, 67, 68, 69, 70, 71, 72, 73, 74, 75, 76, 77, 78, 79, 80, 81, 82, 83, 84, 85, 86, 87], "summary": {"covered_lines": 40, "num_statements": 40, "percent_covered": 100.0, "percent_covered_display": "100", "missing_lines": 0, "excluded_lines": 0, "percent_statements_covered": 100.0, "percent_statements_covered_display": "100"}, "missing_lines": [], "excluded_lines": [], "start_line": 44}, "_gerar_linha": {"executed_lines": [91, 92, 93, 94, 95, 96, 97, 98, 100, 101, 102, 103, 104, 105, 106, 107, 108, 109, 110, 111, 112, 114, 116, 117, 118, 119, 120, 121, 122, 123, 124, 125, 127, 128, 129, 130, 131, 132, 133, 134, 135, 136, 137, 140, 141, 142, 143, 144, 145, 146, 148, 174, 175, 176, 177, 178], "summary": {"covered_lines": 56, "num_statements": 57, "percent_covered": 98.24561403508773, "percent_covered_display": "98", "missing_lines": 1, "excluded_lines": 0, "percent_statements_covered": 98.24561403508773, "percent_statements_covered_display": "98"}, "missing_lines": [138], "excluded_lines": [], "start_line": 90}, "_mascarar": {"executed_lines": [182, 183, 184, 185, 186, 187, 188, 189, 190, 191, 192, 193, 194], "summary": {"covered_lines": 13, "num_statements": 13, "percent_covered": 100.0, "percent_covered_display": "100", "missing_lines": 0, "excluded_lines": 0, "percent_statements_covered": 100.0, "percent_statements_covered_display": "100"}, "missing_lines": [], "excluded_lines": [], "start_line": 181}, "_atribuir_split": {"executed_lines": [198, 200, 201, 202, 203, 204, 205, 206, 207], "summary": {"covered_lines": 9, "num_statements": 9, "percent_covered": 100.0, "percent_covered_display": "100", "missing_lines": 0, "excluded_lines": 0, "percent_statements_covered": 100.0, "percent_statements_covered_display": "100"}, "missing_lines": [], "excluded_lines": [], "start_line": 197}, "gerar_dataframe": {"executed_lines": [211, 212, 213, 214, 215, 216, 217, 218, 219, 220, 221, 222, 223], "summary": {"covered_lines": 13, "num_statements": 13, "percent_covered": 100.0, "percent_covered_display": "100", "missing_lines": 0, "excluded_lines": 0, "percent_statements_covered": 100.0, "percent_statements_covered_display": "100"}, "missing_lines": [], "excluded_lines": [], "start_line": 210}, "sha256_arquivo": {"executed_lines": [227, 228, 229, 230, 231], "summary": {"covered_lines": 5, "num_statements": 5, "percent_covered": 100.0, "percent_covered_display": "100", "missing_lines": 0, "excluded_lines": 0, "percent_statements_covered": 100.0, "percent_statements_covered_display": "100"}, "missing_lines": [], "excluded_lines": [], "start_line": 226}, "caminho_parquet": {"executed_lines": [235], "summary": {"covered_lines": 1, "num_statements": 1, "percent_covered": 100.0, "percent_covered_display": "100", "missing_lines": 0, "excluded_lines": 0, "percent_statements_covered": 100.0, "percent_statements_covered_display": "100"}, "missing_lines": [], "excluded_lines": [], "start_line": 234}, "caminho_manifesto": {"executed_lines": [239], "summary": {"covered_lines": 1, "num_statements": 1, "percent_covered": 100.0, "percent_covered_display": "100", "missing_lines": 0, "excluded_lines": 0, "percent_statements_covered": 100.0, "percent_statements_covered_display": "100"}, "missing_lines": [], "excluded_lines": [], "start_line": 238}, "manifesto_de": {"executed_lines": [243], "summary": {"covered_lines": 1, "num_statements": 1, "percent_covered": 100.0, "percent_covered_display": "100", "missing_lines": 0, "excluded_lines": 0, "percent_statements_covered": 100.0, "percent_statements_covered_display": "100"}, "missing_lines": [], "excluded_lines": [], "start_line": 242}, "salvar_dataset": {"executed_lines": [266, 267, 268, 269, 270, 271, 272], "summary": {"covered_lines": 7, "num_statements": 7, "percent_covered": 100.0, "percent_covered_display": "100", "missing_lines": 0, "excluded_lines": 0, "percent_statements_covered": 100.0, "percent_statements_covered_display": "100"}, "missing_lines": [], "excluded_lines": [], "start_line": 265}, "gerar_e_salvar": {"executed_lines": [], "summary": {"covered_lines": 0, "num_statements": 2, "percent_covered": 0.0, "percent_covered_display": "0", "missing_lines": 2, "excluded_lines": 0, "percent_statements_covered": 0.0, "percent_statements_covered_display": "0"}, "missing_lines": [276, 277], "excluded_lines": [], "start_line": 275}, "verificar_dataset": {"executed_lines": [281, 282, 284, 285, 286, 287, 288, 289, 290, 294], "summary": {"covered_lines": 10, "num_statements": 12, "percent_covered": 83.33333333333333, "percent_covered_display": "83", "missing_lines": 2, "excluded_lines": 0, "percent_statements_covered": 83.33333333333333, "percent_statements_covered_display": "83"}, "missing_lines": [283, 291], "excluded_lines": [], "start_line": 280}, "carregar_xy": {"executed_lines": [299, 301, 302, 304, 305, 307, 308, 310, 311], "summary": {"covered_lines": 9, "num_statements": 13, "percent_covered": 69.23076923076923, "percent_covered_display": "69", "missing_lines": 4, "excluded_lines": 0, "percent_statements_covered": 69.23076923076923, "percent_statements_covered_display": "69"}, "missing_lines": [300, 303, 306, 309], "excluded_lines": [], "start_line": 297}, "": {"executed_lines": [2, 4, 5, 6, 7, 8, 9, 11, 12, 14, 15, 17, 18, 19, 20, 21, 23, 24, 25, 27, 28, 31, 36, 44, 90, 181, 197, 210, 226, 234, 238, 242, 265, 275, 280, 297], "summary": {"covered_lines": 36, "num_statements": 36, "percent_covered": 100.0, "percent_covered_display": "100", "missing_lines": 0, "excluded_lines": 0, "percent_statements_covered": 100.0, "percent_statements_covered_display": "100"}, "missing_lines": [], "excluded_lines": [], "start_line": 1}}, "classes": {"": {"executed_lines": [2, 4, 5, 6, 7, 8, 9, 11, 12, 14, 15, 17, 18, 19, 20, 21, 23, 24, 25, 27, 28, 31, 32, 33, 36, 37, 38, 39, 40, 44, 48, 49, 50, 51, 52, 53, 54, 55, 56, 57, 58, 59, 60, 61, 62, 63, 64, 65, 66, 67, 68, 69, 70, 71, 72, 73, 74, 75, 76, 77, 78, 79, 80, 81, 82, 83, 84, 85, 86, 87, 90, 91, 92, 93, 94, 95, 96, 97, 98, 100, 101, 102, 103, 104, 105, 106, 107, 108, 109, 110, 111, 112, 114, 116, 117, 118, 119, 120, 121, 122, 123, 124, 125, 127, 128, 129, 130, 131, 132, 133, 134, 135, 136, 137, 140, 141, 142, 143, 144, 145, 146, 148, 174, 175, 176, 177, 178, 181, 182, 183, 184, 185, 186, 187, 188, 189, 190, 191, 192, 193, 194, 197, 198, 200, 201, 202, 203, 204, 205, 206, 207, 210, 211, 212, 213, 214, 215, 216, 217, 218, 219, 220, 221, 222, 223, 226, 227, 228, 229, 230, 231, 234, 235, 238, 239, 242, 243, 265, 266, 267, 268, 269, 270, 271, 272, 275, 280, 281, 282, 284, 285, 286, 287, 288, 289, 290, 294, 297, 299, 301, 302, 304, 305, 307, 308, 310, 311], "summary": {"covered_lines": 207, "num_statements": 217, "percent_covered": 95.39170506912443, "percent_covered_display": "95", "missing_lines": 10, "excluded_lines": 0, "percent_statements_covered": 95.39170506912443, "percent_statements_covered_display": "95"}, "missing_lines": [41, 138, 276, 277, 283, 291, 300, 303, 306, 309], "excluded_lines": [], "start_line": 1}}}, "lib\\ml\\evaluate.py": {"executed_lines": [2, 4, 5, 7, 8, 9, 21, 22, 23, 26, 32, 33, 34, 35, 36, 39, 40, 41, 42, 45, 46, 49, 70, 77, 78, 79, 80, 81, 82, 83, 84, 86, 87, 88, 91, 92, 93, 94, 95, 96, 97, 98, 99, 100, 101, 102, 103, 104, 109, 112, 155], "summary": {"covered_lines": 51, "num_statements": 120, "percent_covered": 42.5, "percent_covered_display": "42", "missing_lines": 69, "excluded_lines": 0, "percent_statements_covered": 42.5, "percent_statements_covered_display": "42"}, "missing_lines": [27, 28, 29, 43, 44, 47, 48, 113, 114, 115, 116, 117, 119, 120, 121, 122, 123, 124, 125, 126, 127, 129, 130, 132, 133, 134, 135, 136, 137, 138, 139, 140, 141, 145, 147, 156, 157, 158, 159, 160, 161, 162, 163, 164, 165, 166, 167, 168, 169, 170, 171, 172, 173, 175, 176, 177, 178, 179, 180, 181, 184, 185, 186, 187, 190, 191, 194, 198, 203], "excluded_lines": [], "functions": {"_proba_positiva": {"executed_lines": [], "summary": {"covered_lines": 0, "num_statements": 3, "percent_covered": 0.0, "percent_covered_display": "0", "missing_lines": 3, "excluded_lines": 0, "percent_statements_covered": 0.0, "percent_statements_covered_display": "0"}, "missing_lines": [27, 28, 29], "excluded_lines": [], "start_line": 26}, "metricas_em": {"executed_lines": [33, 34, 35, 36, 39, 40, 41, 42, 45, 46, 49], "summary": {"covered_lines": 11, "num_statements": 15, "percent_covered": 73.33333333333333, "percent_covered_display": "73", "missing_lines": 4, "excluded_lines": 0, "percent_statements_covered": 73.33333333333333, "percent_statements_covered_display": "73"}, "missing_lines": [43, 44, 47, 48], "excluded_lines": [], "start_line": 32}, "escolher_limiar": {"executed_lines": [77, 78, 79, 80, 81, 82, 83, 84, 86, 87, 88], "summary": {"covered_lines": 11, "num_statements": 11, "percent_covered": 100.0, "percent_covered_display": "100", "missing_lines": 0, "excluded_lines": 0, "percent_statements_covered": 100.0, "percent_statements_covered_display": "100"}, "missing_lines": [], "excluded_lines": [], "start_line": 70}, "bootstrap_ic": {"executed_lines": [92, 93, 94, 95, 96, 97, 98, 99, 100, 101, 102, 103, 104, 109], "summary": {"covered_lines": 14, "num_statements": 14, "percent_covered": 100.0, "percent_covered_display": "100", "missing_lines": 0, "excluded_lines": 0, "percent_statements_covered": 100.0, "percent_statements_covered_display": "100"}, "missing_lines": [], "excluded_lines": [], "start_line": 91}, "analisar_erros": {"executed_lines": [], "summary": {"covered_lines": 0, "num_statements": 8, "percent_covered": 0.0, "percent_covered_display": "0", "missing_lines": 8, "excluded_lines": 0, "percent_statements_covered": 0.0, "percent_statements_covered_display": "0"}, "missing_lines": [113, 114, 115, 116, 117, 119, 132, 147], "excluded_lines": [], "start_line": 112}, "analisar_erros.perfil": {"executed_lines": [], "summary": {"covered_lines": 0, "num_statements": 10, "percent_covered": 0.0, "percent_covered_display": "0", "missing_lines": 10, "excluded_lines": 0, "percent_statements_covered": 0.0, "percent_statements_covered_display": "0"}, "missing_lines": [120, 121, 122, 123, 124, 125, 126, 127, 129, 130], "excluded_lines": [], "start_line": 119}, "analisar_erros.recorte": {"executed_lines": [], "summary": {"covered_lines": 0, "num_statements": 10, "percent_covered": 0.0, "percent_covered_display": "0", "missing_lines": 10, "excluded_lines": 0, "percent_statements_covered": 0.0, "percent_statements_covered_display": "0"}, "missing_lines": [133, 134, 135, 136, 137, 138, 139, 140, 141, 145], "excluded_lines": [], "start_line": 132}, "avaliar_modelos": {"executed_lines": [], "summary": {"covered_lines": 0, "num_statements": 34, "percent_covered": 0.0, "percent_covered_display": "0", "missing_lines": 34, "excluded_lines": 0, "percent_statements_covered": 0.0, "percent_statements_covered_display": "0"}, "missing_lines": [156, 157, 158, 159, 160, 161, 162, 163, 164, 165, 166, 167, 168, 169, 170, 171, 172, 173, 175, 176, 177, 178, 179, 180, 181, 184, 185, 186, 187, 190, 191, 194, 198, 203], "excluded_lines": [], "start_line": 155}, "": {"executed_lines": [2, 4, 5, 7, 8, 9, 21, 22, 23, 26, 32, 70, 91, 112, 155], "summary": {"covered_lines": 15, "num_statements": 15, "percent_covered": 100.0, "percent_covered_display": "100", "missing_lines": 0, "excluded_lines": 0, "percent_statements_covered": 100.0, "percent_statements_covered_display": "100"}, "missing_lines": [], "excluded_lines": [], "start_line": 1}}, "classes": {"": {"executed_lines": [2, 4, 5, 7, 8, 9, 21, 22, 23, 26, 32, 33, 34, 35, 36, 39, 40, 41, 42, 45, 46, 49, 70, 77, 78, 79, 80, 81, 82, 83, 84, 86, 87, 88, 91, 92, 93, 94, 95, 96, 97, 98, 99, 100, 101, 102, 103, 104, 109, 112, 155], "summary": {"covered_lines": 51, "num_statements": 120, "percent_covered": 42.5, "percent_covered_display": "42", "missing_lines": 69, "excluded_lines": 0, "percent_statements_covered": 42.5, "percent_statements_covered_display": "42"}, "missing_lines": [27, 28, 29, 43, 44, 47, 48, 113, 114, 115, 116, 117, 119, 120, 121, 122, 123, 124, 125, 126, 127, 129, 130, 132, 133, 134, 135, 136, 137, 138, 139, 140, 141, 145, 147, 156, 157, 158, 159, 160, 161, 162, 163, 164, 165, 166, 167, 168, 169, 170, 171, 172, 173, 175, 176, 177, 178, 179, 180, 181, 184, 185, 186, 187, 190, 191, 194, 198, 203], "excluded_lines": [], "start_line": 1}}}, "lib\\ml\\explain.py": {"executed_lines": [2, 4, 6, 8, 9, 11, 12, 15, 16, 17, 20, 21, 22, 23, 24, 30, 31, 32, 33, 34, 42, 45, 46, 47, 48, 49, 51, 74, 75, 76, 77, 78, 79, 83, 90], "summary": {"covered_lines": 35, "num_statements": 54, "percent_covered": 64.81481481481481, "percent_covered_display": "65", "missing_lines": 19, "excluded_lines": 0, "percent_statements_covered": 64.81481481481481, "percent_statements_covered_display": "65"}, "missing_lines": [14, 25, 26, 27, 52, 53, 54, 55, 56, 57, 59, 60, 61, 62, 63, 64, 65, 71, 72], "excluded_lines": [], "functions": {"_nomes_pos_preprocess": {"executed_lines": [21, 22, 23, 24], "summary": {"covered_lines": 4, "num_statements": 7, "percent_covered": 57.142857142857146, "percent_covered_display": "57", "missing_lines": 3, "excluded_lines": 0, "percent_statements_covered": 57.142857142857146, "percent_statements_covered_display": "57"}, "missing_lines": [25, 26, 27], "excluded_lines": [], "start_line": 20}, "_top": {"executed_lines": [31, 32, 33, 34, 42], "summary": {"covered_lines": 5, "num_statements": 5, "percent_covered": 100.0, "percent_covered_display": "100", "missing_lines": 0, "excluded_lines": 0, "percent_statements_covered": 100.0, "percent_statements_covered_display": "100"}, "missing_lines": [], "excluded_lines": [], "start_line": 30}, "explicar": {"executed_lines": [46, 47, 48, 49, 51, 74, 75, 76, 77, 78, 79, 83, 90], "summary": {"covered_lines": 13, "num_statements": 28, "percent_covered": 46.42857142857143, "percent_covered_display": "46", "missing_lines": 15, "excluded_lines": 0, "percent_statements_covered": 46.42857142857143, "percent_statements_covered_display": "46"}, "missing_lines": [52, 53, 54, 55, 56, 57, 59, 60, 61, 62, 63, 64, 65, 71, 72], "excluded_lines": [], "start_line": 45}, "": {"executed_lines": [2, 4, 6, 8, 9, 11, 12, 15, 16, 17, 20, 30, 45], "summary": {"covered_lines": 13, "num_statements": 14, "percent_covered": 92.85714285714286, "percent_covered_display": "93", "missing_lines": 1, "excluded_lines": 0, "percent_statements_covered": 92.85714285714286, "percent_statements_covered_display": "93"}, "missing_lines": [14], "excluded_lines": [], "start_line": 1}}, "classes": {"": {"executed_lines": [2, 4, 6, 8, 9, 11, 12, 15, 16, 17, 20, 21, 22, 23, 24, 30, 31, 32, 33, 34, 42, 45, 46, 47, 48, 49, 51, 74, 75, 76, 77, 78, 79, 83, 90], "summary": {"covered_lines": 35, "num_statements": 54, "percent_covered": 64.81481481481481, "percent_covered_display": "65", "missing_lines": 19, "excluded_lines": 0, "percent_statements_covered": 64.81481481481481, "percent_statements_covered_display": "65"}, "missing_lines": [14, 25, 26, 27, 52, 53, 54, 55, 56, 57, 59, 60, 61, 62, 63, 64, 65, 71, 72], "excluded_lines": [], "start_line": 1}}}, "lib\\ml\\features.py": {"executed_lines": [2, 4, 6, 7, 8, 9, 10, 12, 14, 26, 27, 30, 31, 33, 36, 37, 43, 49, 62, 72, 73, 81, 82, 83, 86, 89, 90], "summary": {"covered_lines": 27, "num_statements": 28, "percent_covered": 96.42857142857143, "percent_covered_display": "96", "missing_lines": 1, "excluded_lines": 0, "percent_statements_covered": 96.42857142857143, "percent_statements_covered_display": "96"}, "missing_lines": [85], "excluded_lines": [], "functions": {"_bool_as_float": {"executed_lines": [31, 33], "summary": {"covered_lines": 2, "num_statements": 2, "percent_covered": 100.0, "percent_covered_display": "100", "missing_lines": 0, "excluded_lines": 0, "percent_statements_covered": 100.0, "percent_statements_covered_display": "100"}, "missing_lines": [], "excluded_lines": [], "start_line": 30}, "construir_preprocessor": {"executed_lines": [37, 43, 49, 62], "summary": {"covered_lines": 4, "num_statements": 4, "percent_covered": 100.0, "percent_covered_display": "100", "missing_lines": 0, "excluded_lines": 0, "percent_statements_covered": 100.0, "percent_statements_covered_display": "100"}, "missing_lines": [], "excluded_lines": [], "start_line": 36}, "construir_pipeline": {"executed_lines": [73], "summary": {"covered_lines": 1, "num_statements": 1, "percent_covered": 100.0, "percent_covered_display": "100", "missing_lines": 0, "excluded_lines": 0, "percent_statements_covered": 100.0, "percent_statements_covered_display": "100"}, "missing_lines": [], "excluded_lines": [], "start_line": 72}, "dataframe_de_features": {"executed_lines": [82, 83, 86], "summary": {"covered_lines": 3, "num_statements": 4, "percent_covered": 75.0, "percent_covered_display": "75", "missing_lines": 1, "excluded_lines": 0, "percent_statements_covered": 75.0, "percent_statements_covered_display": "75"}, "missing_lines": [85], "excluded_lines": [], "start_line": 81}, "campos_imputados": {"executed_lines": [90], "summary": {"covered_lines": 1, "num_statements": 1, "percent_covered": 100.0, "percent_covered_display": "100", "missing_lines": 0, "excluded_lines": 0, "percent_statements_covered": 100.0, "percent_statements_covered_display": "100"}, "missing_lines": [], "excluded_lines": [], "start_line": 89}, "": {"executed_lines": [2, 4, 6, 7, 8, 9, 10, 12, 14, 26, 27, 30, 36, 72, 81, 89], "summary": {"covered_lines": 16, "num_statements": 16, "percent_covered": 100.0, "percent_covered_display": "100", "missing_lines": 0, "excluded_lines": 0, "percent_statements_covered": 100.0, "percent_statements_covered_display": "100"}, "missing_lines": [], "excluded_lines": [], "start_line": 1}}, "classes": {"": {"executed_lines": [2, 4, 6, 7, 8, 9, 10, 12, 14, 26, 27, 30, 31, 33, 36, 37, 43, 49, 62, 72, 73, 81, 82, 83, 86, 89, 90], "summary": {"covered_lines": 27, "num_statements": 28, "percent_covered": 96.42857142857143, "percent_covered_display": "96", "missing_lines": 1, "excluded_lines": 0, "percent_statements_covered": 96.42857142857143, "percent_statements_covered_display": "96"}, "missing_lines": [85], "excluded_lines": [], "start_line": 1}}}, "lib\\ml\\llm_contract.py": {"executed_lines": [2, 4, 6, 24, 25, 28, 29, 30, 31, 32, 33, 34, 35, 36, 37, 38, 39, 40, 42, 45, 46, 50, 51, 52, 56, 58, 59, 65, 67, 68, 73, 74, 75, 76, 77, 80, 81], "summary": {"covered_lines": 37, "num_statements": 46, "percent_covered": 80.43478260869566, "percent_covered_display": "80", "missing_lines": 9, "excluded_lines": 0, "percent_statements_covered": 80.43478260869566, "percent_statements_covered_display": "80"}, "missing_lines": [41, 57, 60, 61, 62, 66, 69, 70, 71], "excluded_lines": [], "functions": {"montar_payload": {"executed_lines": [29, 30, 31, 32, 33, 34, 35, 36, 37, 38, 39, 40, 42], "summary": {"covered_lines": 13, "num_statements": 14, "percent_covered": 92.85714285714286, "percent_covered_display": "93", "missing_lines": 1, "excluded_lines": 0, "percent_statements_covered": 92.85714285714286, "percent_statements_covered_display": "93"}, "missing_lines": [41], "excluded_lines": [], "start_line": 28}, "resposta_estruturada": {"executed_lines": [46, 50, 51, 52, 56, 58, 59, 65, 67, 68, 73, 74, 75, 76, 77], "summary": {"covered_lines": 15, "num_statements": 23, "percent_covered": 65.21739130434783, "percent_covered_display": "65", "missing_lines": 8, "excluded_lines": 0, "percent_statements_covered": 65.21739130434783, "percent_statements_covered_display": "65"}, "missing_lines": [57, 60, 61, 62, 66, 69, 70, 71], "excluded_lines": [], "start_line": 45}, "prompt_sintese": {"executed_lines": [81], "summary": {"covered_lines": 1, "num_statements": 1, "percent_covered": 100.0, "percent_covered_display": "100", "missing_lines": 0, "excluded_lines": 0, "percent_statements_covered": 100.0, "percent_statements_covered_display": "100"}, "missing_lines": [], "excluded_lines": [], "start_line": 80}, "": {"executed_lines": [2, 4, 6, 24, 25, 28, 45, 80], "summary": {"covered_lines": 8, "num_statements": 8, "percent_covered": 100.0, "percent_covered_display": "100", "missing_lines": 0, "excluded_lines": 0, "percent_statements_covered": 100.0, "percent_statements_covered_display": "100"}, "missing_lines": [], "excluded_lines": [], "start_line": 1}}, "classes": {"ContratoInvalidoError": {"executed_lines": [], "summary": {"covered_lines": 0, "num_statements": 0, "percent_covered": 100.0, "percent_covered_display": "100", "missing_lines": 0, "excluded_lines": 0, "percent_statements_covered": 100.0, "percent_statements_covered_display": "100"}, "missing_lines": [], "excluded_lines": [], "start_line": 24}, "": {"executed_lines": [2, 4, 6, 24, 25, 28, 29, 30, 31, 32, 33, 34, 35, 36, 37, 38, 39, 40, 42, 45, 46, 50, 51, 52, 56, 58, 59, 65, 67, 68, 73, 74, 75, 76, 77, 80, 81], "summary": {"covered_lines": 37, "num_statements": 46, "percent_covered": 80.43478260869566, "percent_covered_display": "80", "missing_lines": 9, "excluded_lines": 0, "percent_statements_covered": 80.43478260869566, "percent_statements_covered_display": "80"}, "missing_lines": [41, 57, 60, 61, 62, 66, 69, 70, 71], "excluded_lines": [], "start_line": 1}}}, "lib\\ml\\predict.py": {"executed_lines": [2, 4, 5, 6, 8, 9, 10, 11, 14, 15, 18, 23, 29, 30, 31, 34, 39, 40, 41, 42, 48, 49, 50, 51, 53, 54, 55, 56, 57, 58, 59, 60, 65, 66, 67, 82, 83, 84], "summary": {"covered_lines": 38, "num_statements": 42, "percent_covered": 90.47619047619048, "percent_covered_display": "90", "missing_lines": 4, "excluded_lines": 0, "percent_statements_covered": 90.47619047619048, "percent_statements_covered_display": "90"}, "missing_lines": [43, 44, 62, 64], "excluded_lines": [], "functions": {"features_hash": {"executed_lines": [30, 31], "summary": {"covered_lines": 2, "num_statements": 2, "percent_covered": 100.0, "percent_covered_display": "100", "missing_lines": 0, "excluded_lines": 0, "percent_statements_covered": 100.0, "percent_statements_covered_display": "100"}, "missing_lines": [], "excluded_lines": [], "start_line": 29}, "prever": {"executed_lines": [39, 40, 41, 42, 48, 49, 50, 51, 53, 54, 55, 56, 57, 58, 59, 60, 65, 66, 67, 82, 83, 84], "summary": {"covered_lines": 22, "num_statements": 26, "percent_covered": 84.61538461538461, "percent_covered_display": "85", "missing_lines": 4, "excluded_lines": 0, "percent_statements_covered": 84.61538461538461, "percent_statements_covered_display": "85"}, "missing_lines": [43, 44, 62, 64], "excluded_lines": [], "start_line": 34}, "": {"executed_lines": [2, 4, 5, 6, 8, 9, 10, 11, 14, 15, 18, 23, 29, 34], "summary": {"covered_lines": 14, "num_statements": 14, "percent_covered": 100.0, "percent_covered_display": "100", "missing_lines": 0, "excluded_lines": 0, "percent_statements_covered": 100.0, "percent_statements_covered_display": "100"}, "missing_lines": [], "excluded_lines": [], "start_line": 1}}, "classes": {"ModeloIndisponivelError": {"executed_lines": [], "summary": {"covered_lines": 0, "num_statements": 0, "percent_covered": 100.0, "percent_covered_display": "100", "missing_lines": 0, "excluded_lines": 0, "percent_statements_covered": 100.0, "percent_statements_covered_display": "100"}, "missing_lines": [], "excluded_lines": [], "start_line": 14}, "": {"executed_lines": [2, 4, 5, 6, 8, 9, 10, 11, 14, 15, 18, 23, 29, 30, 31, 34, 39, 40, 41, 42, 48, 49, 50, 51, 53, 54, 55, 56, 57, 58, 59, 60, 65, 66, 67, 82, 83, 84], "summary": {"covered_lines": 38, "num_statements": 42, "percent_covered": 90.47619047619048, "percent_covered_display": "90", "missing_lines": 4, "excluded_lines": 0, "percent_statements_covered": 90.47619047619048, "percent_statements_covered_display": "90"}, "missing_lines": [43, 44, 62, 64], "excluded_lines": [], "start_line": 1}}}, "lib\\ml\\registry.py": {"executed_lines": [2, 4, 5, 7, 9, 12, 13, 16, 22, 23, 24, 25, 28, 29, 30, 31, 32, 33, 34, 38, 39, 41, 44, 45, 47], "summary": {"covered_lines": 25, "num_statements": 29, "percent_covered": 86.20689655172414, "percent_covered_display": "86", "missing_lines": 4, "excluded_lines": 0, "percent_statements_covered": 86.20689655172414, "percent_statements_covered_display": "86"}, "missing_lines": [17, 18, 19, 40], "excluded_lines": [], "functions": {"salvar_modelo": {"executed_lines": [], "summary": {"covered_lines": 0, "num_statements": 3, "percent_covered": 0.0, "percent_covered_display": "0", "missing_lines": 3, "excluded_lines": 0, "percent_statements_covered": 0.0, "percent_statements_covered_display": "0"}, "missing_lines": [17, 18, 19], "excluded_lines": [], "start_line": 16}, "escrever_card": {"executed_lines": [23, 24, 25], "summary": {"covered_lines": 3, "num_statements": 3, "percent_covered": 100.0, "percent_covered_display": "100", "missing_lines": 0, "excluded_lines": 0, "percent_statements_covered": 100.0, "percent_statements_covered_display": "100"}, "missing_lines": [], "excluded_lines": [], "start_line": 22}, "carregar_modelo": {"executed_lines": [29, 30, 31, 32, 33, 34, 38, 39, 41], "summary": {"covered_lines": 9, "num_statements": 10, "percent_covered": 90.0, "percent_covered_display": "90", "missing_lines": 1, "excluded_lines": 0, "percent_statements_covered": 90.0, "percent_statements_covered_display": "90"}, "missing_lines": [40], "excluded_lines": [], "start_line": 28}, "pasta_modelo": {"executed_lines": [45, 47], "summary": {"covered_lines": 2, "num_statements": 2, "percent_covered": 100.0, "percent_covered_display": "100", "missing_lines": 0, "excluded_lines": 0, "percent_statements_covered": 100.0, "percent_statements_covered_display": "100"}, "missing_lines": [], "excluded_lines": [], "start_line": 44}, "": {"executed_lines": [2, 4, 5, 7, 9, 12, 13, 16, 22, 28, 44], "summary": {"covered_lines": 11, "num_statements": 11, "percent_covered": 100.0, "percent_covered_display": "100", "missing_lines": 0, "excluded_lines": 0, "percent_statements_covered": 100.0, "percent_statements_covered_display": "100"}, "missing_lines": [], "excluded_lines": [], "start_line": 1}}, "classes": {"IncompatibilidadeDatasetError": {"executed_lines": [], "summary": {"covered_lines": 0, "num_statements": 0, "percent_covered": 100.0, "percent_covered_display": "100", "missing_lines": 0, "excluded_lines": 0, "percent_statements_covered": 100.0, "percent_statements_covered_display": "100"}, "missing_lines": [], "excluded_lines": [], "start_line": 12}, "": {"executed_lines": [2, 4, 5, 7, 9, 12, 13, 16, 22, 23, 24, 25, 28, 29, 30, 31, 32, 33, 34, 38, 39, 41, 44, 45, 47], "summary": {"covered_lines": 25, "num_statements": 29, "percent_covered": 86.20689655172414, "percent_covered_display": "86", "missing_lines": 4, "excluded_lines": 0, "percent_statements_covered": 86.20689655172414, "percent_statements_covered_display": "86"}, "missing_lines": [17, 18, 19, 40], "excluded_lines": [], "start_line": 1}}}, "lib\\ml\\schema.py": {"executed_lines": [2, 4, 5, 6, 7, 9, 11, 13, 14, 16, 30, 46, 48, 50, 53, 56, 57, 58, 63, 66, 69, 70, 71, 72, 73, 74, 79, 80, 82, 83, 84, 85, 86, 87, 88, 89, 90, 91, 92, 94, 95, 96, 97, 98, 99, 100, 101, 102, 103, 104, 105, 106, 108, 109, 110, 111, 113, 118, 120, 121, 122, 123, 128, 129, 133, 135, 136, 138, 139, 142, 143, 144, 145, 146, 149, 155, 157, 158, 159, 160, 161, 162, 163, 166, 167, 169, 170, 172, 175, 176, 178, 179, 182, 183, 186, 187, 189, 190, 193, 194, 196, 197, 198, 202, 211, 212, 216, 218, 222, 223, 224, 225, 226, 227, 228, 229, 230, 231, 232, 233, 234, 235, 236, 237, 238, 239, 242, 243, 244], "summary": {"covered_lines": 129, "num_statements": 141, "percent_covered": 91.48936170212765, "percent_covered_display": "91", "missing_lines": 12, "excluded_lines": 0, "percent_statements_covered": 91.48936170212765, "percent_statements_covered_display": "91"}, "missing_lines": [112, 114, 156, 168, 171, 177, 181, 188, 192, 195, 199, 217], "excluded_lines": [], "functions": {"DadosIncompletosError.__init__": {"executed_lines": [57, 58, 63], "summary": {"covered_lines": 3, "num_statements": 3, "percent_covered": 100.0, "percent_covered_display": "100", "missing_lines": 0, "excluded_lines": 0, "percent_statements_covered": 100.0, "percent_statements_covered_display": "100"}, "missing_lines": [], "excluded_lines": [], "start_line": 56}, "DominioInvalidoError.__init__": {"executed_lines": [70, 71, 72, 73, 74], "summary": {"covered_lines": 5, "num_statements": 5, "percent_covered": 100.0, "percent_covered_display": "100", "missing_lines": 0, "excluded_lines": 0, "percent_statements_covered": 100.0, "percent_statements_covered_display": "100"}, "missing_lines": [], "excluded_lines": [], "start_line": 69}, "GestanteFeatures._proteinuria": {"executed_lines": [111, 113, 118], "summary": {"covered_lines": 3, "num_statements": 5, "percent_covered": 60.0, "percent_covered_display": "60", "missing_lines": 2, "excluded_lines": 0, "percent_statements_covered": 60.0, "percent_statements_covered_display": "60"}, "missing_lines": [112, 114], "excluded_lines": [], "start_line": 110}, "GestanteFeatures._invariantes": {"executed_lines": [122, 123, 128, 129, 133], "summary": {"covered_lines": 5, "num_statements": 5, "percent_covered": 100.0, "percent_covered_display": "100", "missing_lines": 0, "excluded_lines": 0, "percent_statements_covered": 100.0, "percent_statements_covered_display": "100"}, "missing_lines": [], "excluded_lines": [], "start_line": 121}, "GestanteFeatures.campos_imputaveis_ausentes": {"executed_lines": [136], "summary": {"covered_lines": 1, "num_statements": 1, "percent_covered": 100.0, "percent_covered_display": "100", "missing_lines": 0, "excluded_lines": 0, "percent_statements_covered": 100.0, "percent_statements_covered_display": "100"}, "missing_lines": [], "excluded_lines": [], "start_line": 135}, "GestanteFeatures.para_registro": {"executed_lines": [139], "summary": {"covered_lines": 1, "num_statements": 1, "percent_covered": 100.0, "percent_covered_display": "100", "missing_lines": 0, "excluded_lines": 0, "percent_statements_covered": 100.0, "percent_statements_covered_display": "100"}, "missing_lines": [], "excluded_lines": [], "start_line": 138}, "_formatar_validation_error": {"executed_lines": [143, 144, 145, 146], "summary": {"covered_lines": 4, "num_statements": 4, "percent_covered": 100.0, "percent_covered_display": "100", "missing_lines": 0, "excluded_lines": 0, "percent_statements_covered": 100.0, "percent_statements_covered_display": "100"}, "missing_lines": [], "excluded_lines": [], "start_line": 142}, "parse_gestante": {"executed_lines": [155, 157, 158, 159, 160, 161, 162, 163], "summary": {"covered_lines": 8, "num_statements": 9, "percent_covered": 88.88888888888889, "percent_covered_display": "89", "missing_lines": 1, "excluded_lines": 0, "percent_statements_covered": 88.88888888888889, "percent_statements_covered_display": "89"}, "missing_lines": [156], "excluded_lines": [], "start_line": 149}, "_parse_gpa": {"executed_lines": [167, 169, 170, 172], "summary": {"covered_lines": 4, "num_statements": 6, "percent_covered": 66.66666666666667, "percent_covered_display": "67", "missing_lines": 2, "excluded_lines": 0, "percent_statements_covered": 66.66666666666667, "percent_statements_covered_display": "67"}, "missing_lines": [168, 171], "excluded_lines": [], "start_line": 166}, "_idade_de_nascimento": {"executed_lines": [176, 178, 179, 182, 183], "summary": {"covered_lines": 5, "num_statements": 7, "percent_covered": 71.42857142857143, "percent_covered_display": "71", "missing_lines": 2, "excluded_lines": 0, "percent_statements_covered": 71.42857142857143, "percent_statements_covered_display": "71"}, "missing_lines": [177, 181], "excluded_lines": [], "start_line": 175}, "_ig_de_dum": {"executed_lines": [187, 189, 190, 193, 194, 196, 197, 198], "summary": {"covered_lines": 8, "num_statements": 12, "percent_covered": 66.66666666666667, "percent_covered_display": "67", "missing_lines": 4, "excluded_lines": 0, "percent_statements_covered": 66.66666666666667, "percent_statements_covered_display": "67"}, "missing_lines": [188, 192, 195, 199], "excluded_lines": [], "start_line": 186}, "features_de_paciente": {"executed_lines": [211, 212, 216, 218, 222, 223, 224, 225, 226, 227, 228, 229, 230, 231, 232, 233, 234, 235, 236, 237, 238, 239], "summary": {"covered_lines": 22, "num_statements": 23, "percent_covered": 95.65217391304348, "percent_covered_display": "96", "missing_lines": 1, "excluded_lines": 0, "percent_statements_covered": 95.65217391304348, "percent_statements_covered_display": "96"}, "missing_lines": [217], "excluded_lines": [], "start_line": 202}, "": {"executed_lines": [2, 4, 5, 6, 7, 9, 11, 13, 14, 16, 30, 46, 48, 50, 53, 56, 66, 69, 79, 80, 82, 83, 84, 85, 86, 87, 88, 89, 90, 91, 92, 94, 95, 96, 97, 98, 99, 100, 101, 102, 103, 104, 105, 106, 108, 109, 110, 120, 121, 135, 138, 142, 149, 166, 175, 186, 202, 242, 243, 244], "summary": {"covered_lines": 60, "num_statements": 60, "percent_covered": 100.0, "percent_covered_display": "100", "missing_lines": 0, "excluded_lines": 0, "percent_statements_covered": 100.0, "percent_statements_covered_display": "100"}, "missing_lines": [], "excluded_lines": [], "start_line": 1}}, "classes": {"DadosIncompletosError": {"executed_lines": [57, 58, 63], "summary": {"covered_lines": 3, "num_statements": 3, "percent_covered": 100.0, "percent_covered_display": "100", "missing_lines": 0, "excluded_lines": 0, "percent_statements_covered": 100.0, "percent_statements_covered_display": "100"}, "missing_lines": [], "excluded_lines": [], "start_line": 53}, "DominioInvalidoError": {"executed_lines": [70, 71, 72, 73, 74], "summary": {"covered_lines": 5, "num_statements": 5, "percent_covered": 100.0, "percent_covered_display": "100", "missing_lines": 0, "excluded_lines": 0, "percent_statements_covered": 100.0, "percent_statements_covered_display": "100"}, "missing_lines": [], "excluded_lines": [], "start_line": 66}, "GestanteFeatures": {"executed_lines": [111, 113, 118, 122, 123, 128, 129, 133, 136, 139], "summary": {"covered_lines": 10, "num_statements": 12, "percent_covered": 83.33333333333333, "percent_covered_display": "83", "missing_lines": 2, "excluded_lines": 0, "percent_statements_covered": 83.33333333333333, "percent_statements_covered_display": "83"}, "missing_lines": [112, 114], "excluded_lines": [], "start_line": 79}, "": {"executed_lines": [2, 4, 5, 6, 7, 9, 11, 13, 14, 16, 30, 46, 48, 50, 53, 56, 66, 69, 79, 80, 82, 83, 84, 85, 86, 87, 88, 89, 90, 91, 92, 94, 95, 96, 97, 98, 99, 100, 101, 102, 103, 104, 105, 106, 108, 109, 110, 120, 121, 135, 138, 142, 143, 144, 145, 146, 149, 155, 157, 158, 159, 160, 161, 162, 163, 166, 167, 169, 170, 172, 175, 176, 178, 179, 182, 183, 186, 187, 189, 190, 193, 194, 196, 197, 198, 202, 211, 212, 216, 218, 222, 223, 224, 225, 226, 227, 228, 229, 230, 231, 232, 233, 234, 235, 236, 237, 238, 239, 242, 243, 244], "summary": {"covered_lines": 111, "num_statements": 121, "percent_covered": 91.73553719008264, "percent_covered_display": "92", "missing_lines": 10, "excluded_lines": 0, "percent_statements_covered": 91.73553719008264, "percent_statements_covered_display": "92"}, "missing_lines": [156, 168, 171, 177, 181, 188, 192, 195, 199, 217], "excluded_lines": [], "start_line": 1}}}, "lib\\ml\\train.py": {"executed_lines": [], "summary": {"covered_lines": 0, "num_statements": 40, "percent_covered": 0.0, "percent_covered_display": "0", "missing_lines": 40, "excluded_lines": 0, "percent_statements_covered": 0.0, "percent_statements_covered_display": "0"}, "missing_lines": [2, 4, 6, 7, 8, 9, 10, 12, 13, 14, 15, 16, 18, 19, 26, 27, 28, 29, 32, 33, 34, 35, 36, 38, 39, 41, 42, 44, 47, 48, 50, 53, 54, 56, 62, 68, 69, 70, 71, 72], "excluded_lines": [], "functions": {"_split": {"executed_lines": [], "summary": {"covered_lines": 0, "num_statements": 3, "percent_covered": 0.0, "percent_covered_display": "0", "missing_lines": 3, "excluded_lines": 0, "percent_statements_covered": 0.0, "percent_statements_covered_display": "0"}, "missing_lines": [27, 28, 29], "excluded_lines": [], "start_line": 26}, "treinar": {"executed_lines": [], "summary": {"covered_lines": 0, "num_statements": 21, "percent_covered": 0.0, "percent_covered_display": "0", "missing_lines": 21, "excluded_lines": 0, "percent_statements_covered": 0.0, "percent_statements_covered_display": "0"}, "missing_lines": [33, 34, 35, 36, 38, 39, 41, 42, 44, 47, 48, 50, 53, 54, 56, 62, 68, 69, 70, 71, 72], "excluded_lines": [], "start_line": 32}, "": {"executed_lines": [], "summary": {"covered_lines": 0, "num_statements": 16, "percent_covered": 0.0, "percent_covered_display": "0", "missing_lines": 16, "excluded_lines": 0, "percent_statements_covered": 0.0, "percent_statements_covered_display": "0"}, "missing_lines": [2, 4, 6, 7, 8, 9, 10, 12, 13, 14, 15, 16, 18, 19, 26, 32], "excluded_lines": [], "start_line": 1}}, "classes": {"": {"executed_lines": [], "summary": {"covered_lines": 0, "num_statements": 40, "percent_covered": 0.0, "percent_covered_display": "0", "missing_lines": 40, "excluded_lines": 0, "percent_statements_covered": 0.0, "percent_statements_covered_display": "0"}, "missing_lines": [2, 4, 6, 7, 8, 9, 10, 12, 13, 14, 15, 16, 18, 19, 26, 27, 28, 29, 32, 33, 34, 35, 36, 38, 39, 41, 42, 44, 47, 48, 50, 53, 54, 56, 62, 68, 69, 70, 71, 72], "excluded_lines": [], "start_line": 1}}}}, "totals": {"covered_lines": 601, "num_statements": 780, "percent_covered": 77.05128205128206, "percent_covered_display": "77", "missing_lines": 179, "excluded_lines": 0, "percent_statements_covered": 77.05128205128206, "percent_statements_covered_display": "77"}}